<?xml version="1.0" encoding="UTF-8"?>
<!-- Generated by org.testng.reporters.JUnitXMLReporter -->
<testsuite hostname="mhr" tests="6" failures="0" timestamp="24 Jul 2016 21:01:17 GMT" time="30.905" errors="0">
  <testcase name="@BeforeClass springTestContextPrepareTestInstance" time="0.0" classname="DaoIntgerationTest">
    <failure type="java.lang.NoSuchMethodError" message="org.springframework.util.ReflectionUtils.clearCache()V">
      <![CDATA[java.lang.NoSuchMethodError: org.springframework.util.ReflectionUtils.clearCache()V
	at org.springframework.context.support.AbstractApplicationContext.resetCommonCaches(AbstractApplicationContext.java:879)
	at org.springframework.context.support.AbstractApplicationContext.refresh(AbstractApplicationContext.java:563)
	at org.springframework.boot.SpringApplication.refresh(SpringApplication.java:752)
	at org.springframework.boot.SpringApplication.doRun(SpringApplication.java:347)
	at org.springframework.boot.SpringApplication.run(SpringApplication.java:295)
	at org.springframework.boot.test.SpringApplicationContextLoader.loadContext(SpringApplicationContextLoader.java:98)
	at org.springframework.test.context.cache.DefaultCacheAwareContextLoaderDelegate.loadContextInternal(DefaultCacheAwareContextLoaderDelegate.java:98)
	at org.springframework.test.context.cache.DefaultCacheAwareContextLoaderDelegate.loadContext(DefaultCacheAwareContextLoaderDelegate.java:116)
	at org.springframework.test.context.support.DefaultTestContext.getApplicationContext(DefaultTestContext.java:83)
	at org.springframework.test.context.support.DependencyInjectionTestExecutionListener.injectDependencies(DependencyInjectionTestExecutionListener.java:117)
	at org.springframework.test.context.support.DependencyInjectionTestExecutionListener.prepareTestInstance(DependencyInjectionTestExecutionListener.java:83)
	at org.springframework.test.context.TestContextManager.prepareTestInstance(TestContextManager.java:228)
	at org.springframework.test.context.testng.AbstractTestNGSpringContextTests.springTestContextPrepareTestInstance(AbstractTestNGSpringContextTests.java:149)
... Removed 34 stack frames]]>
    </failure>
  </testcase> <!-- @BeforeClass springTestContextPrepareTestInstance -->
  <testcase name="test" time="0.001" classname="DaoIntgerationTest">
    <skipped/>
  </testcase> <!-- test -->
  <testcase name="testCommand" time="0.081" classname="SerializeUtilsTest"/>
  <testcase name="testData" time="0.07" classname="SerializeUtilsTest"/>
  <testcase name="testCashingWithByTime" time="15.077" classname="TestEmbededMongo"/>
  <testcase name="testLiveTable" time="10.011" classname="TestEmbededMongo"/>
  <testcase name="testStartStop" time="4.013" classname="TestEmbededMongo"/>
</testsuite>
