<?xml version="1.0" encoding="UTF-8" ?>
<testsuite tests="7" failures="1" name="TestSuite" time="30.807" errors="0" skipped="1">
  <properties>
[...]
</properties>
  <testcase classname="DaoIntgerationTest" name="springTestContextPrepareTestInstance" time="1.555">
    <failure message="org.springframework.util.ReflectionUtils.clearCache()V" type="java.lang.NoSuchMethodError">java.lang.NoSuchMethodError: org.springframework.util.ReflectionUtils.clearCache()V
	at org.springframework.context.support.AbstractApplicationContext.resetCommonCaches(AbstractApplicationContext.java:879)
	at org.springframework.context.support.AbstractApplicationContext.refresh(AbstractApplicationContext.java:563)
	at org.springframework.boot.SpringApplication.refresh(SpringApplication.java:752)
	at org.springframework.boot.SpringApplication.doRun(SpringApplication.java:347)
	at org.springframework.boot.SpringApplication.run(SpringApplication.java:295)
	at org.springframework.boot.test.SpringApplicationContextLoader.loadContext(SpringApplicationContextLoader.java:98)
	at org.springframework.test.context.cache.DefaultCacheAwareContextLoaderDelegate.loadContextInternal(DefaultCacheAwareContextLoaderDelegate.java:98)
	at org.springframework.test.context.cache.DefaultCacheAwareContextLoaderDelegate.loadContext(DefaultCacheAwareContextLoaderDelegate.java:116)
	at org.springframework.test.context.support.DefaultTestContext.getApplicationContext(DefaultTestContext.java:83)
	at org.springframework.test.context.support.DependencyInjectionTestExecutionListener.injectDependencies(DependencyInjectionTestExecutionListener.java:117)
	at org.springframework.test.context.support.DependencyInjectionTestExecutionListener.prepareTestInstance(DependencyInjectionTestExecutionListener.java:83)
	at org.springframework.test.context.TestContextManager.prepareTestInstance(TestContextManager.java:228)
	at org.springframework.test.context.testng.AbstractTestNGSpringContextTests.springTestContextPrepareTestInstance(AbstractTestNGSpringContextTests.java:149)
	at sun.reflect.NativeMethodAccessorImpl.invoke0(Native Method)
	at sun.reflect.NativeMethodAccessorImpl.invoke(NativeMethodAccessorImpl.java:62)
	at sun.reflect.DelegatingMethodAccessorImpl.invoke(DelegatingMethodAccessorImpl.java:43)
	at java.lang.reflect.Method.invoke(Method.java:497)
	at org.testng.internal.MethodInvocationHelper.invokeMethod(MethodInvocationHelper.java:86)
	at org.testng.internal.Invoker.invokeConfigurationMethod(Invoker.java:514)
	at org.testng.internal.Invoker.invokeConfigurations(Invoker.java:215)
	at org.testng.internal.Invoker.invokeConfigurations(Invoker.java:142)
	at org.testng.internal.TestMethodWorker.invokeBeforeClassMethods(TestMethodWorker.java:178)
	at org.testng.internal.TestMethodWorker.run(TestMethodWorker.java:108)
	at org.testng.TestRunner.privateRun(TestRunner.java:782)
	at org.testng.TestRunner.run(TestRunner.java:632)
	at org.testng.SuiteRunner.runTest(SuiteRunner.java:366)
	at org.testng.SuiteRunner.runSequentially(SuiteRunner.java:361)
	at org.testng.SuiteRunner.privateRun(SuiteRunner.java:319)
	at org.testng.SuiteRunner.run(SuiteRunner.java:268)
	at org.testng.SuiteRunnerWorker.runSuite(SuiteRunnerWorker.java:52)
	at org.testng.SuiteRunnerWorker.run(SuiteRunnerWorker.java:86)
	at org.testng.TestNG.runSuitesSequentially(TestNG.java:1244)
	at org.testng.TestNG.runSuitesLocally(TestNG.java:1169)
	at org.testng.TestNG.run(TestNG.java:1064)
	at org.apache.maven.surefire.testng.TestNGExecutor.run(TestNGExecutor.java:77)
	at org.apache.maven.surefire.testng.TestNGDirectoryTestSuite.executeMulti(TestNGDirectoryTestSuite.java:159)
	at org.apache.maven.surefire.testng.TestNGDirectoryTestSuite.execute(TestNGDirectoryTestSuite.java:99)
	at org.apache.maven.surefire.testng.TestNGProvider.invoke(TestNGProvider.java:106)
	at sun.reflect.NativeMethodAccessorImpl.invoke0(Native Method)
	at sun.reflect.NativeMethodAccessorImpl.invoke(NativeMethodAccessorImpl.java:62)
	at sun.reflect.DelegatingMethodAccessorImpl.invoke(DelegatingMethodAccessorImpl.java:43)
	at java.lang.reflect.Method.invoke(Method.java:497)
	at org.apache.maven.surefire.util.ReflectionUtils.invokeMethodWithArray(ReflectionUtils.java:189)
	at org.apache.maven.surefire.booter.ProviderFactory$ProviderProxy.invoke(ProviderFactory.java:165)
	at org.apache.maven.surefire.booter.ProviderFactory.invokeProvider(ProviderFactory.java:85)
	at org.apache.maven.surefire.booter.ForkedBooter.runSuitesInProcess(ForkedBooter.java:115)
	at org.apache.maven.surefire.booter.ForkedBooter.main(ForkedBooter.java:75)
</failure>
    <system-out>Configuring TestNG with: org.apache.maven.surefire.testng.conf.TestNG652Configurator@60215eee
00:00:46.487 [main] INFO  o.s.t.c.s.AbstractContextLoader - Could not detect default resource locations for test class [DaoIntgerationTest]: no resource found for suffixes {-context.xml, Context.groovy}.
00:00:46.495 [main] INFO  o.s.t.c.s.DefaultTestContextBootstrapper - Using TestExecutionListeners: [org.springframework.test.context.support.DependencyInjectionTestExecutionListener@4c40b76e, org.springframework.test.context.support.DirtiesContextTestExecutionListener@2ea6137]

  .   ____          _            __ _ _
 /\\ / ___&apos;_ __ _ _(_)_ __  __ _ \ \ \ \
( ( )\___ | &apos;_ | &apos;_| | &apos;_ \/ _` | \ \ \ \
 \\/  ___)| |_)| | | | | || (_| |  ) ) ) )
  &apos;  |____| .__|_| |_|_| |_\__, | / / / /
 =========|_|==============|___/=/_/_/_/
 :: Spring Boot ::        (v1.3.0.RELEASE)

00:00:46.956 [main] INFO  DaoIntgerationTest - Starting DaoIntgerationTest on mhr with PID 63939 (/Users/mhr/IdeaProjects/embedded-jetty-websocket-examples-master/javax.websocket-example/target/test-classes started by mhr in /Users/mhr/IdeaProjects/embedded-jetty-websocket-examples-master/javax.websocket-example)
00:00:46.956 [main] INFO  DaoIntgerationTest - No profiles are active
00:00:47.002 [main] INFO  o.s.c.a.AnnotationConfigApplicationContext - Refreshing org.springframework.context.annotation.AnnotationConfigApplicationContext@7dfd3c81: startup date [Mon Jul 25 00:00:46 EEST 2016]; root of context hierarchy
00:00:47.023 [pool-2-thread-1] INFO  o.h.validator.internal.util.Version - HV000001: Hibernate Validator 5.2.2.Final
00:00:47.661 [main] WARN  o.s.c.a.AnnotationConfigApplicationContext - Exception encountered during context initialization - cancelling refresh attempt: org.springframework.beans.factory.BeanCreationException: Error creating bean with name &apos;webSecurityConfig&apos;: Injection of autowired dependencies failed; nested exception is org.springframework.beans.factory.BeanCreationException: Could not autowire method: public void org.springframework.security.config.annotation.web.configuration.WebSecurityConfigurerAdapter.setObjectPostProcessor(org.springframework.security.config.annotation.ObjectPostProcessor); nested exception is org.springframework.beans.factory.NoSuchBeanDefinitionException: No qualifying bean of type [org.springframework.security.config.annotation.ObjectPostProcessor] found for dependency: expected at least 1 bean which qualifies as autowire candidate for this dependency. Dependency annotations: {}
00:00:47.662 [main] INFO  o.s.b.l.ClasspathLoggingApplicationListener - Application failed to start with classpath: [file:/Users/mhr/IdeaProjects/embedded-jetty-websocket-examples-master/javax.websocket-example/target/surefire/surefirebooter5129922715025477864.jar]
00:00:47.667 [main] ERROR o.s.boot.SpringApplication - Application startup failed
java.lang.NoSuchMethodError: org.springframework.util.ReflectionUtils.clearCache()V
	at org.springframework.context.support.AbstractApplicationContext.resetCommonCaches(AbstractApplicationContext.java:879) ~[spring-context-4.2.5.RELEASE.jar:4.2.5.RELEASE]
	at org.springframework.context.support.AbstractApplicationContext.refresh(AbstractApplicationContext.java:563) ~[spring-context-4.2.5.RELEASE.jar:4.2.5.RELEASE]
	at org.springframework.boot.SpringApplication.refresh(SpringApplication.java:752) ~[spring-boot-1.3.0.RELEASE.jar:1.3.0.RELEASE]
	at org.springframework.boot.SpringApplication.doRun(SpringApplication.java:347) ~[spring-boot-1.3.0.RELEASE.jar:1.3.0.RELEASE]
	at org.springframework.boot.SpringApplication.run(SpringApplication.java:295) ~[spring-boot-1.3.0.RELEASE.jar:1.3.0.RELEASE]
	at org.springframework.boot.test.SpringApplicationContextLoader.loadContext(SpringApplicationContextLoader.java:98) [spring-boot-1.3.0.RELEASE.jar:1.3.0.RELEASE]
	at org.springframework.test.context.cache.DefaultCacheAwareContextLoaderDelegate.loadContextInternal(DefaultCacheAwareContextLoaderDelegate.java:98) [spring-test-4.2.3.RELEASE.jar:4.2.3.RELEASE]
	at org.springframework.test.context.cache.DefaultCacheAwareContextLoaderDelegate.loadContext(DefaultCacheAwareContextLoaderDelegate.java:116) [spring-test-4.2.3.RELEASE.jar:4.2.3.RELEASE]
	at org.springframework.test.context.support.DefaultTestContext.getApplicationContext(DefaultTestContext.java:83) [spring-test-4.2.3.RELEASE.jar:4.2.3.RELEASE]
	at org.springframework.test.context.support.DependencyInjectionTestExecutionListener.injectDependencies(DependencyInjectionTestExecutionListener.java:117) [spring-test-4.2.3.RELEASE.jar:4.2.3.RELEASE]
	at org.springframework.test.context.support.DependencyInjectionTestExecutionListener.prepareTestInstance(DependencyInjectionTestExecutionListener.java:83) [spring-test-4.2.3.RELEASE.jar:4.2.3.RELEASE]
	at org.springframework.test.context.TestContextManager.prepareTestInstance(TestContextManager.java:228) [spring-test-4.2.3.RELEASE.jar:4.2.3.RELEASE]
	at org.springframework.test.context.testng.AbstractTestNGSpringContextTests.springTestContextPrepareTestInstance(AbstractTestNGSpringContextTests.java:149) [spring-test-4.2.3.RELEASE.jar:4.2.3.RELEASE]
	at sun.reflect.NativeMethodAccessorImpl.invoke0(Native Method) ~[na:1.8.0_40]
	at sun.reflect.NativeMethodAccessorImpl.invoke(NativeMethodAccessorImpl.java:62) ~[na:1.8.0_40]
	at sun.reflect.DelegatingMethodAccessorImpl.invoke(DelegatingMethodAccessorImpl.java:43) ~[na:1.8.0_40]
	at java.lang.reflect.Method.invoke(Method.java:497) ~[na:1.8.0_40]
	at org.testng.internal.MethodInvocationHelper.invokeMethod(MethodInvocationHelper.java:86) [testng-6.9.10.jar:na]
	at org.testng.internal.Invoker.invokeConfigurationMethod(Invoker.java:514) [testng-6.9.10.jar:na]
	at org.testng.internal.Invoker.invokeConfigurations(Invoker.java:215) [testng-6.9.10.jar:na]
	at org.testng.internal.Invoker.invokeConfigurations(Invoker.java:142) [testng-6.9.10.jar:na]
	at org.testng.internal.TestMethodWorker.invokeBeforeClassMethods(TestMethodWorker.java:178) [testng-6.9.10.jar:na]
	at org.testng.internal.TestMethodWorker.run(TestMethodWorker.java:108) [testng-6.9.10.jar:na]
	at org.testng.TestRunner.privateRun(TestRunner.java:782) [testng-6.9.10.jar:na]
	at org.testng.TestRunner.run(TestRunner.java:632) [testng-6.9.10.jar:na]
	at org.testng.SuiteRunner.runTest(SuiteRunner.java:366) [testng-6.9.10.jar:na]
	at org.testng.SuiteRunner.runSequentially(SuiteRunner.java:361) [testng-6.9.10.jar:na]
	at org.testng.SuiteRunner.privateRun(SuiteRunner.java:319) [testng-6.9.10.jar:na]
	at org.testng.SuiteRunner.run(SuiteRunner.java:268) [testng-6.9.10.jar:na]
	at org.testng.SuiteRunnerWorker.runSuite(SuiteRunnerWorker.java:52) [testng-6.9.10.jar:na]
	at org.testng.SuiteRunnerWorker.run(SuiteRunnerWorker.java:86) [testng-6.9.10.jar:na]
	at org.testng.TestNG.runSuitesSequentially(TestNG.java:1244) [testng-6.9.10.jar:na]
	at org.testng.TestNG.runSuitesLocally(TestNG.java:1169) [testng-6.9.10.jar:na]
	at org.testng.TestNG.run(TestNG.java:1064) [testng-6.9.10.jar:na]
	at org.apache.maven.surefire.testng.TestNGExecutor.run(TestNGExecutor.java:77) [surefire-testng-2.12.4.jar:2.12.4]
	at org.apache.maven.surefire.testng.TestNGDirectoryTestSuite.executeMulti(TestNGDirectoryTestSuite.java:159) [surefire-testng-2.12.4.jar:2.12.4]
	at org.apache.maven.surefire.testng.TestNGDirectoryTestSuite.execute(TestNGDirectoryTestSuite.java:99) [surefire-testng-2.12.4.jar:2.12.4]
	at org.apache.maven.surefire.testng.TestNGProvider.invoke(TestNGProvider.java:106) [surefire-testng-2.12.4.jar:2.12.4]
	at sun.reflect.NativeMethodAccessorImpl.invoke0(Native Method) ~[na:1.8.0_40]
	at sun.reflect.NativeMethodAccessorImpl.invoke(NativeMethodAccessorImpl.java:62) ~[na:1.8.0_40]
	at sun.reflect.DelegatingMethodAccessorImpl.invoke(DelegatingMethodAccessorImpl.java:43) ~[na:1.8.0_40]
	at java.lang.reflect.Method.invoke(Method.java:497) ~[na:1.8.0_40]
	at org.apache.maven.surefire.util.ReflectionUtils.invokeMethodWithArray(ReflectionUtils.java:189) [surefire-api-2.12.4.jar:2.12.4]
	at org.apache.maven.surefire.booter.ProviderFactory$ProviderProxy.invoke(ProviderFactory.java:165) [surefire-booter-2.12.4.jar:2.12.4]
	at org.apache.maven.surefire.booter.ProviderFactory.invokeProvider(ProviderFactory.java:85) [surefire-booter-2.12.4.jar:2.12.4]
	at org.apache.maven.surefire.booter.ForkedBooter.runSuitesInProcess(ForkedBooter.java:115) [surefire-booter-2.12.4.jar:2.12.4]
	at org.apache.maven.surefire.booter.ForkedBooter.main(ForkedBooter.java:75) [surefire-booter-2.12.4.jar:2.12.4]
</system-out>
  </testcase>
  <testcase classname="DaoIntgerationTest" name="test" time="0">
    <skipped/>
  </testcase>
  <testcase classname="SerializeUtilsTest" name="testCommand" time="0.081"/>
  <testcase classname="SerializeUtilsTest" name="testData" time="0.07"/>
  <testcase classname="TestEmbededMongo" name="testCashingWithByTime" time="15.077"/>
  <testcase classname="TestEmbededMongo" name="testLiveTable" time="10.01"/>
  <testcase classname="TestEmbededMongo" name="testStartStop" time="4.014"/>
</testsuite>