<?xml version="1.0" encoding="UTF-8"?>
<testng-results skipped="1" failed="0" total="6" passed="5">
  <reporter-output>
  </reporter-output>
  <suite name="Command line suite" duration-ms="30905" started-at="2016-07-24T21:00:46Z" finished-at="2016-07-24T21:01:17Z">
    <groups>
    </groups>
    <test name="Command line test" duration-ms="30905" started-at="2016-07-24T21:00:46Z" finished-at="2016-07-24T21:01:17Z">
      <class name="TestEmbededMongo">
        <test-method status="PASS" signature="startMongo()[pri:0, instance:TestEmbededMongo@7dc0f706]" name="startMongo" is-config="true" duration-ms="533" started-at="2016-07-25T00:00:47Z" finished-at="2016-07-25T00:00:48Z">
          <reporter-output>
          </reporter-output>
        </test-method> <!-- startMongo -->
        <test-method status="PASS" signature="testCashingWithByTime()[pri:0, instance:TestEmbededMongo@7dc0f706]" name="testCashingWithByTime" duration-ms="15077" started-at="2016-07-25T00:00:48Z" finished-at="2016-07-25T00:01:03Z">
          <reporter-output>
          </reporter-output>
        </test-method> <!-- testCashingWithByTime -->
        <test-method status="PASS" signature="testLiveTable()[pri:0, instance:TestEmbededMongo@7dc0f706]" name="testLiveTable" duration-ms="10011" started-at="2016-07-25T00:01:03Z" finished-at="2016-07-25T00:01:13Z">
          <reporter-output>
          </reporter-output>
        </test-method> <!-- testLiveTable -->
        <test-method status="PASS" signature="testStartStop()[pri:0, instance:TestEmbededMongo@7dc0f706]" name="testStartStop" duration-ms="4013" started-at="2016-07-25T00:01:13Z" finished-at="2016-07-25T00:01:17Z">
          <reporter-output>
          </reporter-output>
        </test-method> <!-- testStartStop -->
        <test-method status="PASS" signature="stopMongo()[pri:0, instance:TestEmbededMongo@7dc0f706]" name="stopMongo" is-config="true" duration-ms="119" started-at="2016-07-25T00:01:17Z" finished-at="2016-07-25T00:01:17Z">
          <reporter-output>
          </reporter-output>
        </test-method> <!-- stopMongo -->
      </class> <!-- TestEmbededMongo -->
      <class name="DaoIntgerationTest">
        <test-method status="PASS" signature="springTestContextBeforeTestClass()[pri:0, instance:DaoIntgerationTest@ae13544]" name="springTestContextBeforeTestClass" is-config="true" duration-ms="10" started-at="2016-07-25T00:00:46Z" finished-at="2016-07-25T00:00:46Z">
          <reporter-output>
          </reporter-output>
        </test-method> <!-- springTestContextBeforeTestClass -->
        <test-method status="FAIL" signature="springTestContextPrepareTestInstance()[pri:0, instance:DaoIntgerationTest@ae13544]" name="springTestContextPrepareTestInstance" is-config="true" duration-ms="0" started-at="2016-07-25T00:00:46Z" depends-on-methods="org.springframework.test.context.testng.AbstractTestNGSpringContextTests.springTestContextBeforeTestClass" finished-at="2016-07-25T00:00:46Z">
          <exception class="java.lang.NoSuchMethodError">
            <message>
              <![CDATA[org.springframework.util.ReflectionUtils.clearCache()V]]>
            </message>
            <full-stacktrace>
              <![CDATA[java.lang.NoSuchMethodError: org.springframework.util.ReflectionUtils.clearCache()V
	at org.springframework.context.support.AbstractApplicationContext.resetCommonCaches(AbstractApplicationContext.java:879)
	at org.springframework.context.support.AbstractApplicationContext.refresh(AbstractApplicationContext.java:563)
	at org.springframework.boot.SpringApplication.refresh(SpringApplication.java:752)
	at org.springframework.boot.SpringApplication.doRun(SpringApplication.java:347)
	at org.springframework.boot.SpringApplication.run(SpringApplication.java:295)
	at org.springframework.boot.test.SpringApplicationContextLoader.loadContext(SpringApplicationContextLoader.java:98)
	at org.springframework.test.context.cache.DefaultCacheAwareContextLoaderDelegate.loadContextInternal(DefaultCacheAwareContextLoaderDelegate.java:98)
	at org.springframework.test.context.cache.DefaultCacheAwareContextLoaderDelegate.loadContext(DefaultCacheAwareContextLoaderDelegate.java:116)
	at org.springframework.test.context.support.DefaultTestContext.getApplicationContext(DefaultTestContext.java:83)
	at org.springframework.test.context.support.DependencyInjectionTestExecutionListener.injectDependencies(DependencyInjectionTestExecutionListener.java:117)
	at org.springframework.test.context.support.DependencyInjectionTestExecutionListener.prepareTestInstance(DependencyInjectionTestExecutionListener.java:83)
	at org.springframework.test.context.TestContextManager.prepareTestInstance(TestContextManager.java:228)
	at org.springframework.test.context.testng.AbstractTestNGSpringContextTests.springTestContextPrepareTestInstance(AbstractTestNGSpringContextTests.java:149)
	at sun.reflect.NativeMethodAccessorImpl.invoke0(Native Method)
	at sun.reflect.NativeMethodAccessorImpl.invoke(NativeMethodAccessorImpl.java:62)
	at sun.reflect.DelegatingMethodAccessorImpl.invoke(DelegatingMethodAccessorImpl.java:43)
	at java.lang.reflect.Method.invoke(Method.java:497)
	at org.testng.internal.MethodInvocationHelper.invokeMethod(MethodInvocationHelper.java:86)
	at org.testng.internal.Invoker.invokeConfigurationMethod(Invoker.java:514)
	at org.testng.internal.Invoker.invokeConfigurations(Invoker.java:215)
	at org.testng.internal.Invoker.invokeConfigurations(Invoker.java:142)
	at org.testng.internal.TestMethodWorker.invokeBeforeClassMethods(TestMethodWorker.java:178)
	at org.testng.internal.TestMethodWorker.run(TestMethodWorker.java:108)
	at org.testng.TestRunner.privateRun(TestRunner.java:782)
	at org.testng.TestRunner.run(TestRunner.java:632)
	at org.testng.SuiteRunner.runTest(SuiteRunner.java:366)
	at org.testng.SuiteRunner.runSequentially(SuiteRunner.java:361)
	at org.testng.SuiteRunner.privateRun(SuiteRunner.java:319)
	at org.testng.SuiteRunner.run(SuiteRunner.java:268)
	at org.testng.SuiteRunnerWorker.runSuite(SuiteRunnerWorker.java:52)
	at org.testng.SuiteRunnerWorker.run(SuiteRunnerWorker.java:86)
	at org.testng.TestNG.runSuitesSequentially(TestNG.java:1244)
	at org.testng.TestNG.runSuitesLocally(TestNG.java:1169)
	at org.testng.TestNG.run(TestNG.java:1064)
	at org.apache.maven.surefire.testng.TestNGExecutor.run(TestNGExecutor.java:77)
	at org.apache.maven.surefire.testng.TestNGDirectoryTestSuite.executeMulti(TestNGDirectoryTestSuite.java:159)
	at org.apache.maven.surefire.testng.TestNGDirectoryTestSuite.execute(TestNGDirectoryTestSuite.java:99)
	at org.apache.maven.surefire.testng.TestNGProvider.invoke(TestNGProvider.java:106)
	at sun.reflect.NativeMethodAccessorImpl.invoke0(Native Method)
	at sun.reflect.NativeMethodAccessorImpl.invoke(NativeMethodAccessorImpl.java:62)
	at sun.reflect.DelegatingMethodAccessorImpl.invoke(DelegatingMethodAccessorImpl.java:43)
	at java.lang.reflect.Method.invoke(Method.java:497)
	at org.apache.maven.surefire.util.ReflectionUtils.invokeMethodWithArray(ReflectionUtils.java:189)
	at org.apache.maven.surefire.booter.ProviderFactory$ProviderProxy.invoke(ProviderFactory.java:165)
	at org.apache.maven.surefire.booter.ProviderFactory.invokeProvider(ProviderFactory.java:85)
	at org.apache.maven.surefire.booter.ForkedBooter.runSuitesInProcess(ForkedBooter.java:115)
	at org.apache.maven.surefire.booter.ForkedBooter.main(ForkedBooter.java:75)
]]>
            </full-stacktrace>
          </exception> <!-- java.lang.NoSuchMethodError -->
          <reporter-output>
          </reporter-output>
        </test-method> <!-- springTestContextPrepareTestInstance -->
        <test-method status="SKIP" signature="test()[pri:0, instance:DaoIntgerationTest@ae13544]" name="test" duration-ms="1" started-at="2016-07-25T00:00:47Z" finished-at="2016-07-25T00:00:47Z">
          <reporter-output>
          </reporter-output>
        </test-method> <!-- test -->
        <test-method status="PASS" signature="springTestContextBeforeTestMethod(java.lang.reflect.Method)[pri:0, instance:DaoIntgerationTest@ae13544]" name="springTestContextBeforeTestMethod" is-config="true" duration-ms="0" started-at="2016-07-25T00:00:47Z" finished-at="2016-07-25T00:00:47Z">
          <params>
            <param index="0">
              <value>
                <![CDATA[public void DaoIntgerationTest.test()]]>
              </value>
            </param>
          </params>
          <reporter-output>
          </reporter-output>
        </test-method> <!-- springTestContextBeforeTestMethod -->
        <test-method status="PASS" signature="springTestContextAfterTestMethod(java.lang.reflect.Method)[pri:0, instance:DaoIntgerationTest@ae13544]" name="springTestContextAfterTestMethod" is-config="true" duration-ms="2" started-at="2016-07-25T00:00:47Z" finished-at="2016-07-25T00:00:47Z">
          <params>
            <param index="0">
              <value>
                <![CDATA[public void DaoIntgerationTest.test()]]>
              </value>
            </param>
          </params>
          <reporter-output>
          </reporter-output>
        </test-method> <!-- springTestContextAfterTestMethod -->
        <test-method status="PASS" signature="springTestContextAfterTestClass()[pri:0, instance:DaoIntgerationTest@ae13544]" name="springTestContextAfterTestClass" is-config="true" duration-ms="0" started-at="2016-07-25T00:00:47Z" finished-at="2016-07-25T00:00:47Z">
          <reporter-output>
          </reporter-output>
        </test-method> <!-- springTestContextAfterTestClass -->
      </class> <!-- DaoIntgerationTest -->
      <class name="SerializeUtilsTest">
        <test-method status="PASS" signature="testCommand()[pri:0, instance:SerializeUtilsTest@3d34d211]" name="testCommand" duration-ms="81" started-at="2016-07-25T00:00:47Z" finished-at="2016-07-25T00:00:47Z">
          <reporter-output>
          </reporter-output>
        </test-method> <!-- testCommand -->
        <test-method status="PASS" signature="testData()[pri:0, instance:SerializeUtilsTest@3d34d211]" name="testData" duration-ms="70" started-at="2016-07-25T00:00:47Z" finished-at="2016-07-25T00:00:47Z">
          <reporter-output>
          </reporter-output>
        </test-method> <!-- testData -->
      </class> <!-- SerializeUtilsTest -->
    </test> <!-- Command line test -->
  </suite> <!-- Command line suite -->
</testng-results>
